2026-05-06 08:56:05,485 INFO Pipeline requested project_root=/Users/jonasodones/Desktop/src/my_scraper
2026-05-06 08:56:05,485 INFO Waiting for exclusive pipeline lock: /Users/jonasodones/Desktop/src/my_scraper/.pipeline.lock
2026-05-06 08:56:05,485 INFO Acquired exclusive pipeline lock
2026-05-06 08:56:05,485 INFO Starting synchronize: true
2026-05-06 08:56:05,490 INFO Finished synchronize exit_code=0 duration=0.00s
2026-05-06 08:56:05,490 INFO Cleaning stale output: /Users/jonasodones/Desktop/src/my_scraper/pcso_results.json
2026-05-06 08:56:05,490 INFO Deleting files inside analysis directory: /Users/jonasodones/Desktop/src/my_scraper/analysis_outputs
2026-05-06 08:56:05,491 INFO Starting scraper: /Users/jonasodones/Desktop/src/my_scraper/pcso_env/bin/python pcso_lottery_scraper.py
2026-05-06 08:56:08,104 INFO scraper | Connecting to PCSO as a browser (Stealth Mode)...
2026-05-06 08:56:08,104 INFO scraper | Wait for 2 seconds to mimic human reading time...
2026-05-06 08:56:08,104 INFO scraper | Submitting search request...
2026-05-06 08:56:08,104 INFO scraper | Success! 1098 results saved to /Users/jonasodones/Desktop/src/my_scraper/pcso_results.json
2026-05-06 08:56:08,124 INFO Finished scraper exit_code=0 duration=2.63s
2026-05-06 08:56:08,124 INFO Waiting for stable file: /Users/jonasodones/Desktop/src/my_scraper/pcso_results.json stability_seconds=5.0 timeout=600.0
2026-05-06 08:56:16,145 INFO File is stable: /Users/jonasodones/Desktop/src/my_scraper/pcso_results.json size=195224
2026-05-06 08:56:16,146 INFO Starting analysis-default: /Users/jonasodones/Desktop/src/my_scraper/pcso_env/bin/python /Users/jonasodones/Desktop/src/my_scraper/analyze_pcso_results.py
2026-05-06 08:56:17,135 INFO analysis-default | Analyzed 1098 total draws across 13 games.
2026-05-06 08:56:17,136 INFO analysis-default | Selected game: Ultra Lotto 6/58 (53 historical draws)
2026-05-06 08:56:17,136 INFO analysis-default | Most common odd/even pattern: 3 odd / 3 even (14 draws)
2026-05-06 08:56:17,136 INFO analysis-default | Historical sum range: 102 to 294; median 186.0
2026-05-06 08:56:17,136 INFO analysis-default | Monte Carlo target combination: 1-58-25-43-26-16
2026-05-06 08:56:17,136 INFO analysis-default | Theoretical exact-match probability: 0.000000024706 (about 1 in 40,475,358)
2026-05-06 08:56:17,136 INFO analysis-default | Simulation hits: 0 of 200,000
2026-05-06 08:56:17,136 INFO analysis-default | Suggested combinations saved: 39
2026-05-06 08:56:17,136 INFO analysis-default | Outputs saved to: /Users/jonasodones/Desktop/src/my_scraper/analysis_outputs
2026-05-06 08:56:17,198 INFO Finished analysis-default exit_code=0 duration=1.05s
2026-05-06 08:56:17,198 INFO Starting analysis-suggestions-5: /Users/jonasodones/Desktop/src/my_scraper/pcso_env/bin/python /Users/jonasodones/Desktop/src/my_scraper/analyze_pcso_results.py --suggestions-per-game 5
2026-05-06 08:56:17,937 INFO analysis-suggestions-5 | Analyzed 1098 total draws across 13 games.
2026-05-06 08:56:17,937 INFO analysis-suggestions-5 | Selected game: Ultra Lotto 6/58 (53 historical draws)
2026-05-06 08:56:17,937 INFO analysis-suggestions-5 | Most common odd/even pattern: 3 odd / 3 even (14 draws)
2026-05-06 08:56:17,938 INFO analysis-suggestions-5 | Historical sum range: 102 to 294; median 186.0
2026-05-06 08:56:17,938 INFO analysis-suggestions-5 | Monte Carlo target combination: 1-58-25-43-26-16
2026-05-06 08:56:17,938 INFO analysis-suggestions-5 | Theoretical exact-match probability: 0.000000024706 (about 1 in 40,475,358)
2026-05-06 08:56:17,938 INFO analysis-suggestions-5 | Simulation hits: 0 of 200,000
2026-05-06 08:56:17,938 INFO analysis-suggestions-5 | Suggested combinations saved: 65
2026-05-06 08:56:17,938 INFO analysis-suggestions-5 | Outputs saved to: /Users/jonasodones/Desktop/src/my_scraper/analysis_outputs
2026-05-06 08:56:17,996 INFO Finished analysis-suggestions-5 exit_code=0 duration=0.80s
2026-05-06 08:56:17,996 INFO Pipeline completed successfully
2026-05-06 08:57:17,585 INFO Pipeline requested project_root=/Users/jonasodones/Desktop/src/my_scraper
2026-05-06 08:57:17,585 INFO Waiting for exclusive pipeline lock: /Users/jonasodones/Desktop/src/my_scraper/.pipeline.lock
2026-05-06 08:57:17,585 INFO Acquired exclusive pipeline lock
2026-05-06 08:57:17,585 INFO Starting synchronize: true
2026-05-06 08:57:17,589 INFO Finished synchronize exit_code=0 duration=0.00s
2026-05-06 08:57:17,589 INFO Cleaning stale output: /Users/jonasodones/Desktop/src/my_scraper/pcso_results.json
2026-05-06 08:57:17,589 INFO Deleting files inside analysis directory: /Users/jonasodones/Desktop/src/my_scraper/analysis_outputs
2026-05-06 08:57:17,590 INFO Starting scraper: /Users/jonasodones/Desktop/src/my_scraper/pcso_env/bin/python pcso_lottery_scraper.py
2026-05-06 08:57:20,122 INFO scraper | Connecting to PCSO as a browser (Stealth Mode)...
2026-05-06 08:57:20,122 INFO scraper | Wait for 2 seconds to mimic human reading time...
2026-05-06 08:57:20,122 INFO scraper | Submitting search request...
2026-05-06 08:57:20,122 INFO scraper | Success! 1098 results saved to /Users/jonasodones/Desktop/src/my_scraper/pcso_results.json
2026-05-06 08:57:20,143 INFO Finished scraper exit_code=0 duration=2.55s
2026-05-06 08:57:20,143 INFO Waiting for stable file: /Users/jonasodones/Desktop/src/my_scraper/pcso_results.json stability_seconds=5.0 timeout=600.0
2026-05-06 08:57:28,161 INFO File is stable: /Users/jonasodones/Desktop/src/my_scraper/pcso_results.json size=195224
2026-05-06 08:57:28,161 INFO Starting analysis-default: /Users/jonasodones/Desktop/src/my_scraper/pcso_env/bin/python /Users/jonasodones/Desktop/src/my_scraper/analyze_pcso_results.py
2026-05-06 08:57:29,117 INFO analysis-default | Analyzed 1098 total draws across 13 games.
2026-05-06 08:57:29,118 INFO analysis-default | Selected game: Ultra Lotto 6/58 (53 historical draws)
2026-05-06 08:57:29,118 INFO analysis-default | Most common odd/even pattern: 3 odd / 3 even (14 draws)
2026-05-06 08:57:29,118 INFO analysis-default | Historical sum range: 102 to 294; median 186.0
2026-05-06 08:57:29,118 INFO analysis-default | Monte Carlo target combination: 1-58-25-43-26-16
2026-05-06 08:57:29,118 INFO analysis-default | Theoretical exact-match probability: 0.000000024706 (about 1 in 40,475,358)
2026-05-06 08:57:29,118 INFO analysis-default | Simulation hits: 0 of 200,000
2026-05-06 08:57:29,118 INFO analysis-default | Suggested combinations saved: 39
2026-05-06 08:57:29,118 INFO analysis-default | Outputs saved to: /Users/jonasodones/Desktop/src/my_scraper/analysis_outputs
2026-05-06 08:57:29,179 INFO Finished analysis-default exit_code=0 duration=1.02s
2026-05-06 08:57:29,180 INFO Starting analysis-suggestions-5: /Users/jonasodones/Desktop/src/my_scraper/pcso_env/bin/python /Users/jonasodones/Desktop/src/my_scraper/analyze_pcso_results.py --suggestions-per-game 5
2026-05-06 08:57:29,916 INFO analysis-suggestions-5 | Analyzed 1098 total draws across 13 games.
2026-05-06 08:57:29,916 INFO analysis-suggestions-5 | Selected game: Ultra Lotto 6/58 (53 historical draws)
2026-05-06 08:57:29,916 INFO analysis-suggestions-5 | Most common odd/even pattern: 3 odd / 3 even (14 draws)
2026-05-06 08:57:29,916 INFO analysis-suggestions-5 | Historical sum range: 102 to 294; median 186.0
2026-05-06 08:57:29,916 INFO analysis-suggestions-5 | Monte Carlo target combination: 1-58-25-43-26-16
2026-05-06 08:57:29,916 INFO analysis-suggestions-5 | Theoretical exact-match probability: 0.000000024706 (about 1 in 40,475,358)
2026-05-06 08:57:29,916 INFO analysis-suggestions-5 | Simulation hits: 0 of 200,000
2026-05-06 08:57:29,916 INFO analysis-suggestions-5 | Suggested combinations saved: 65
2026-05-06 08:57:29,916 INFO analysis-suggestions-5 | Outputs saved to: /Users/jonasodones/Desktop/src/my_scraper/analysis_outputs
2026-05-06 08:57:29,976 INFO Finished analysis-suggestions-5 exit_code=0 duration=0.80s
2026-05-06 08:57:29,976 INFO Pipeline completed successfully
